900909090009009 18027541620171234
NONE
NONE
9099909090909009 67179663684018243
NONE
99990000990009099 669980106823212585
909909009 8247781044
9 18
999 18927
990909009009 8558617137120
9999 49968
NONE
90099099099 841176864783
90090909990009099 183253849852027572
9090999 81557487
990990 4778910
99009 133276221
99009909090999 378543834278496
909009909900900999 1856346339834602946
NONE
9099000990909009 433881018283728420
909900999 5767204968
9909909990009009 87847658553514311
90099099009 183654774090
NONE
990099 5964138
9009 2232126
99 60138
909909 18264672
NONE
90900009 1572400215
900009009 1801172331
999099 35996346
90000999090099 23141241788135238
9099900990909 64875724382727
NONE
9 270
9090 144900
99090999099 5378148567297
NONE
9900999090 41002119027668250
NONE
9099000009999099 722763303037696764
9 81
9990009 95785011
NONE
90099099 834357294
999099 9928764
909 22770
NONE
9099009909000909 91683178515412722
NONE
90 630
NONE
909099900999 41571849701997
9009909090909 117369416186460
9 27
9999090909 459847728621
9 18
9090900900900990 166257402327124560
9 18
90099 380754
9090900009099009 57338301053576412
900990909 5516874225
9900900999 49761106956
NONE
NONE
9 18
9099099090090999 157554198633562497
NONE
NONE
99 24255
NONE
9 3150
909 8154
9900909990090999 97316376670863747
909 303336
9909990999090909 266588657788254444
9090090090909909 342923410637545761
9090909900909999 177327148812376968
90900900909 853272405054
NONE
909 44334
99090909909990909 198188719749638163
NONE
9 45
990090 43830720
9 18
NONE
99 585
9 261
99090999 41463746586
90099009 2441376054
9000909090909099 18051445453678146
9009 27423
NONE
990099099990009 6683186279973015
NONE
9 45
9090 117900
NONE
900909090099 2727442723194
NONE
999009999 23778318897
9099 4131396
NONE
900099 1805418
NONE
9009999090999 171728577783378
990909009090909 9927272053574136
NONE
NONE
NONE
9099000900909099 452593042502580765
90909099009009 185455872185013
NONE
90999 854775
90900990090099909 186344383418193645
909009909 81225354717
NONE
90909 185544
9909900909 137729745324
NONE
90900900999 585324342477
9009009909099 711148127482566
99 198
9009000990090909 65025243721724427
900909099099099 8108198191496196
NONE
NONE
999909 36688824
99000999090999 984004696881783
NONE
9900999 169433937
90990909090099 771687228540384
900090900 1810813500
999009000009 621895023310221
9909099 1449253395
90090090090 35125132141260
990900990990909 9763242767684253
9 45
90909909009099 735449637027654
90999 1462788
9909 94734
9909090090990 84871538114850
9990909009909 97962646325616
9099 2067174
9099 18738
9909909 729178434
NONE
9999 99783
900900909009 9071142734025
9 630
90990090999 643970754693
NONE
NONE
9909 2328381
99909009 3559771233
NONE
99000909 3664512090
NONE
9 18
9 18
90900090099909 2482332226129863
90999999909090099 747597799894328172
909909 8829072
9990099999 1718911497978
NONE
NONE
9 36
9 18
NONE
90909 4173651
NONE
NONE
NONE
9909909 98629434
99 792
NONE
90090000090909 472170211242462
990909099 62855370288
NONE
NONE
9009099900909999 72183698311687974
9 18
NONE
99990999909009 979745699854134
90090099009 1440671481441
90999 813897
9 54
NONE
90099090009 30623265810612
NONE
90090909990900909 183544287852822552
NONE
90009009099990999 373221144587986596
900900090909 2743530262470
90099900909090 850296611736810
9 18
NONE
