1
3
9
18
34
62
103
153
219
306
415
1159
2861
11679
17047
59008
107679
184409
690309
937087
7872639
9791611
10570580
22791611
24553149
32271151
33738599
40894451
44375477
51920537
62122643
64770559
74405151
90102225
93485887
102575015
128440639
156951943
208018820
272129335
275137583
296819419
421108471
456833364
478334591
490073055
526436863
1738126392
1897591910
2237069622
2837695142
2880851931
3471373266
4842702910
8005158271
8791534399
10492721995
13101836579
15319913569
15393453819
17645971359
21939087584
26032214859
54156223817
86525992977
158847807495
161375051693
249938129933
336368349379
543033746815
605847366983
881147446399
969277723591
1328880270244
1358451866335
2160860762975
2792191079768
4807566101884
6584018533755
17015571467951
17064449169576
19855478955102
22156305290729
23675478916647
41719960419623
52182222022951
83940450496447
112307890980731
205327782250789
360203072519475
698703128225487
700410645935746
729962094050938
1077034934173539
1128676697898707
1231380501825527
1285215010673897
2045520493037333
3679683917344231
4825277299576263
7813721592668420
16688260976601566
24290307605065807
30742563408121674
33300387248414154
45682412523991066
51199529037426642
62479138502855422
67093273594669294
70120965438619850
76457176853147353
104624166348079412
112877159111270207
123382266990899991
133387078755019932
150860770762383799
228415830420062319
346627316693342975
397637772502043959
413920047855957005
561447246924603723
753457409928134685
1111743431873600209
1630292003792153373
2242047116944953350
2496384077665343413
4073289265150172169
4232484153822397984
4611567272046098985
4611573869003668485
4611580465967529370
4611587062937681645
4611593659914125311
4611600256894763238
4611606853881692559
4611613450874913279
4611620047874425399
4611626644880228928
4611633241892323863
6938851669899668583
7128465591911719563
7230095101545821887
7446634523725779675
7547520262597488639
7565886214371840583
7659893094839190092
7718229592500159335
7722080195181470647
7729524601585042871
7812375934023681750
